<?xml version="1.0" encoding="UTF-8"?>
<testng-results skipped="0" failed="0" ignored="0" total="1" passed="1">
  <reporter-output>
  </reporter-output>
  <suite name="The Real Suite" duration-ms="15027" started-at="2020-07-10T19:53:30 EDT" finished-at="2020-07-10T19:53:45 EDT">
    <groups>
      <group name="cucumber">
        <method signature="runner.feature(cucumber.api.testng.CucumberFeatureWrapper)[pri:0, instance:RunnerTest.runner@464bee09]" name="feature" class="RunnerTest.runner"/>
      </group> <!-- cucumber -->
    </groups>
    <test name="The Main Login and Update Profile Test" duration-ms="15027" started-at="2020-07-10T19:53:30 EDT" finished-at="2020-07-10T19:53:45 EDT">
      <class name="RunnerTest.runner">
        <test-method status="PASS" signature="setUpClass()[pri:0, instance:RunnerTest.runner@464bee09]" name="setUpClass" is-config="true" duration-ms="252" started-at="2020-07-10T19:53:30 EDT" finished-at="2020-07-10T19:53:31 EDT">
          <reporter-output>
          </reporter-output>
        </test-method> <!-- setUpClass -->
        <test-method status="PASS" signature="feature(cucumber.api.testng.CucumberFeatureWrapper)[pri:0, instance:RunnerTest.runner@464bee09]" name="feature" duration-ms="14456" started-at="2020-07-10T19:53:31 EDT" description="Runs Cucumber Feature" data-provider="features" finished-at="2020-07-10T19:53:45 EDT">
          <params>
            <param index="0">
              <value>
                <![CDATA[Login Feature]]>
              </value>
            </param>
          </params>
          <reporter-output>
          </reporter-output>
        </test-method> <!-- feature -->
        <test-method status="PASS" signature="tearDownClass()[pri:0, instance:RunnerTest.runner@464bee09]" name="tearDownClass" is-config="true" duration-ms="14" started-at="2020-07-10T19:53:45 EDT" finished-at="2020-07-10T19:53:45 EDT">
          <reporter-output>
          </reporter-output>
        </test-method> <!-- tearDownClass -->
      </class> <!-- RunnerTest.runner -->
    </test> <!-- The Main Login and Update Profile Test -->
  </suite> <!-- The Real Suite -->
</testng-results>
