<?xml version="1.0" encoding="UTF-8"?>
<testng-results ignored="0" total="1" passed="1" failed="0" skipped="0">
  <reporter-output>
  </reporter-output>
  <suite started-at="2020-07-10T19:47:45 EDT" name="The Real Suite" finished-at="2020-07-10T19:48:00 EDT" duration-ms="14677">
    <groups>
      <group name="cucumber">
        <method signature="runner.feature(cucumber.api.testng.CucumberFeatureWrapper)[pri:0, instance:RunnerTest.runner@ba54932]" name="feature" class="RunnerTest.runner"/>
      </group> <!-- cucumber -->
    </groups>
    <test started-at="2020-07-10T19:47:45 EDT" name="The Main Login and Update Profile Test" finished-at="2020-07-10T19:48:00 EDT" duration-ms="14677">
      <class name="RunnerTest.runner">
        <test-method is-config="true" signature="setUpClass()[pri:0, instance:RunnerTest.runner@ba54932]" started-at="2020-07-10T19:47:45 EDT" name="setUpClass" finished-at="2020-07-10T19:47:45 EDT" duration-ms="229" status="PASS">
          <reporter-output>
          </reporter-output>
        </test-method> <!-- setUpClass -->
        <test-method signature="feature(cucumber.api.testng.CucumberFeatureWrapper)[pri:0, instance:RunnerTest.runner@ba54932]" started-at="2020-07-10T19:47:46 EDT" name="feature" description="Runs Cucumber Feature" data-provider="features" finished-at="2020-07-10T19:48:00 EDT" duration-ms="13993" status="PASS">
          <params>
            <param index="0">
              <value>
                <![CDATA[Login Feature]]>
              </value>
            </param>
          </params>
          <reporter-output>
          </reporter-output>
        </test-method> <!-- feature -->
        <test-method is-config="true" signature="tearDownClass()[pri:0, instance:RunnerTest.runner@ba54932]" started-at="2020-07-10T19:48:00 EDT" name="tearDownClass" finished-at="2020-07-10T19:48:00 EDT" duration-ms="16" status="PASS">
          <reporter-output>
          </reporter-output>
        </test-method> <!-- tearDownClass -->
      </class> <!-- RunnerTest.runner -->
    </test> <!-- The Main Login and Update Profile Test -->
  </suite> <!-- The Real Suite -->
</testng-results>
